Line 21: Class MSFlexGridLib.MSFlexGrid of control mfg_contas was not a loaded control class.
Line 80: Class TabDlg.SSTab of control SSTab1 was not a loaded control class.
Line 119: Class MSMask.MaskEdBox of control msk_conta was not a loaded control class.
Line 161: Class MSMask.MaskEdBox of control msk_agencia was not a loaded control class.
Line 28: The property name _ExtentX in mfg_contas is invalid.
Line 29: The property name _ExtentY in mfg_contas is invalid.
Line 30: The property name _Version in mfg_contas is invalid.
Line 86: The property name _ExtentX in SSTab1 is invalid.
Line 87: The property name _ExtentY in SSTab1 is invalid.
Line 88: The property name _Version in SSTab1 is invalid.
Line 89: The property name TabHeight in SSTab1 is invalid.
Line 91: The property name TabCaption(0) in SSTab1 is invalid.
Line 92: The property name TabPicture(0) in SSTab1 is invalid.
Line 93: The property name Tab(0).ControlEnabled in SSTab1 is invalid.
Line 94: The property name Tab(0).Control(0) in SSTab1 is invalid.
Line 95: The property name Tab(0).Control(0).Enabled in SSTab1 is invalid.
Line 96: The property name Tab(0).Control(1) in SSTab1 is invalid.
Line 97: The property name Tab(0).Control(1).Enabled in SSTab1 is invalid.
Line 98: The property name Tab(0).Control(2) in SSTab1 is invalid.
Line 99: The property name Tab(0).Control(2).Enabled in SSTab1 is invalid.
Line 100: The property name Tab(0).Control(3) in SSTab1 is invalid.
Line 101: The property name Tab(0).Control(3).Enabled in SSTab1 is invalid.
Line 102: The property name Tab(0).ControlCount in SSTab1 is invalid.
Line 103: The property name TabCaption(1) in SSTab1 is invalid.
Line 104: The property name TabPicture(1) in SSTab1 is invalid.
Line 105: The property name Tab(1).ControlEnabled in SSTab1 is invalid.
Line 106: The property name Tab(1).Control(0) in SSTab1 is invalid.
Line 107: The property name Tab(1).Control(1) in SSTab1 is invalid.
Line 108: The property name Tab(1).Control(2) in SSTab1 is invalid.
Line 109: The property name Tab(1).Control(3) in SSTab1 is invalid.
Line 110: The property name Tab(1).ControlCount in SSTab1 is invalid.
Line 111: The property name TabCaption(2) in SSTab1 is invalid.
Line 112: The property name TabPicture(2) in SSTab1 is invalid.
Line 113: The property name Tab(2).ControlEnabled in SSTab1 is invalid.
Line 114: The property name Tab(2).Control(0) in SSTab1 is invalid.
Line 115: The property name Tab(2).Control(1) in SSTab1 is invalid.
Line 116: The property name Tab(2).Control(2) in SSTab1 is invalid.
Line 117: The property name Tab(2).Control(3) in SSTab1 is invalid.
Line 118: The property name Tab(2).ControlCount in SSTab1 is invalid.
Line 125: The property name _ExtentX in msk_conta is invalid.
Line 126: The property name _ExtentY in msk_conta is invalid.
Line 127: The property name _Version in msk_conta is invalid.
Line 128: The property name MaxLength in msk_conta is invalid.
Line 129: The property name Mask in msk_conta is invalid.
Line 130: The property name PromptChar in msk_conta is invalid.
Line 167: The property name _ExtentX in msk_agencia is invalid.
Line 168: The property name _ExtentY in msk_agencia is invalid.
Line 169: The property name _Version in msk_agencia is invalid.
Line 170: The property name MaxLength in msk_agencia is invalid.
Line 171: The property name Mask in msk_agencia is invalid.
Line 172: The property name PromptChar in msk_agencia is invalid.
