Line 160: Class MSMask.MaskEdBox of control msk_telcom was not a loaded control class.
Line 173: Class MSMask.MaskEdBox of control msk_talcom2 was not a loaded control class.
Line 344: Class MSMask.MaskEdBox of control msk_cep was not a loaded control class.
Line 522: Class MSMask.MaskEdBox of control msk_ie was not a loaded control class.
Line 535: Class MSMask.MaskEdBox of control msk_cnpj was not a loaded control class.
Line 166: The property name _ExtentX in msk_telcom is invalid.
Line 167: The property name _ExtentY in msk_telcom is invalid.
Line 168: The property name _Version in msk_telcom is invalid.
Line 169: The property name MaxLength in msk_telcom is invalid.
Line 170: The property name Mask in msk_telcom is invalid.
Line 171: The property name PromptChar in msk_telcom is invalid.
Line 179: The property name _ExtentX in msk_talcom2 is invalid.
Line 180: The property name _ExtentY in msk_talcom2 is invalid.
Line 181: The property name _Version in msk_talcom2 is invalid.
Line 182: The property name MaxLength in msk_talcom2 is invalid.
Line 183: The property name Mask in msk_talcom2 is invalid.
Line 184: The property name PromptChar in msk_talcom2 is invalid.
Line 350: The property name _ExtentX in msk_cep is invalid.
Line 351: The property name _ExtentY in msk_cep is invalid.
Line 352: The property name _Version in msk_cep is invalid.
Line 353: The property name MaxLength in msk_cep is invalid.
Line 354: The property name Mask in msk_cep is invalid.
Line 355: The property name PromptChar in msk_cep is invalid.
Line 528: The property name _ExtentX in msk_ie is invalid.
Line 529: The property name _ExtentY in msk_ie is invalid.
Line 530: The property name _Version in msk_ie is invalid.
Line 531: The property name MaxLength in msk_ie is invalid.
Line 532: The property name Mask in msk_ie is invalid.
Line 533: The property name PromptChar in msk_ie is invalid.
Line 541: The property name _ExtentX in msk_cnpj is invalid.
Line 542: The property name _ExtentY in msk_cnpj is invalid.
Line 543: The property name _Version in msk_cnpj is invalid.
Line 544: The property name MaxLength in msk_cnpj is invalid.
Line 545: The property name Mask in msk_cnpj is invalid.
Line 546: The property name PromptChar in msk_cnpj is invalid.
