Line 175: Class TabDlg.SSTab of control SSTab1 was not a loaded control class.
Line 239: Class MSMask.MaskEdBox of control msk_agencia was not a loaded control class.
Line 181: The property name _ExtentX in SSTab1 is invalid.
Line 182: The property name _ExtentY in SSTab1 is invalid.
Line 183: The property name _Version in SSTab1 is invalid.
Line 184: The property name TabHeight in SSTab1 is invalid.
Line 186: The property name TabCaption(0) in SSTab1 is invalid.
Line 187: The property name TabPicture(0) in SSTab1 is invalid.
Line 188: The property name Tab(0).ControlEnabled in SSTab1 is invalid.
Line 189: The property name Tab(0).Control(0) in SSTab1 is invalid.
Line 190: The property name Tab(0).Control(0).Enabled in SSTab1 is invalid.
Line 191: The property name Tab(0).Control(1) in SSTab1 is invalid.
Line 192: The property name Tab(0).Control(1).Enabled in SSTab1 is invalid.
Line 193: The property name Tab(0).ControlCount in SSTab1 is invalid.
Line 194: The property name TabCaption(1) in SSTab1 is invalid.
Line 195: The property name TabPicture(1) in SSTab1 is invalid.
Line 196: The property name Tab(1).ControlEnabled in SSTab1 is invalid.
Line 197: The property name Tab(1).Control(0) in SSTab1 is invalid.
Line 198: The property name Tab(1).Control(1) in SSTab1 is invalid.
Line 199: The property name Tab(1).Control(2) in SSTab1 is invalid.
Line 200: The property name Tab(1).Control(3) in SSTab1 is invalid.
Line 201: The property name Tab(1).ControlCount in SSTab1 is invalid.
Line 202: The property name TabCaption(2) in SSTab1 is invalid.
Line 203: The property name TabPicture(2) in SSTab1 is invalid.
Line 204: The property name Tab(2).ControlEnabled in SSTab1 is invalid.
Line 205: The property name Tab(2).Control(0) in SSTab1 is invalid.
Line 206: The property name Tab(2).Control(1) in SSTab1 is invalid.
Line 207: The property name Tab(2).Control(2) in SSTab1 is invalid.
Line 208: The property name Tab(2).Control(3) in SSTab1 is invalid.
Line 209: The property name Tab(2).ControlCount in SSTab1 is invalid.
Line 245: The property name _ExtentX in msk_agencia is invalid.
Line 246: The property name _ExtentY in msk_agencia is invalid.
Line 247: The property name _Version in msk_agencia is invalid.
Line 248: The property name MaxLength in msk_agencia is invalid.
Line 249: The property name Mask in msk_agencia is invalid.
Line 250: The property name PromptChar in msk_agencia is invalid.
