Line 163: Class TabDlg.SSTab of control SSTab1 was not a loaded control class.
Line 169: The property name _ExtentX in SSTab1 is invalid.
Line 170: The property name _ExtentY in SSTab1 is invalid.
Line 171: The property name _Version in SSTab1 is invalid.
Line 172: The property name Tabs in SSTab1 is invalid.
Line 173: The property name Tab in SSTab1 is invalid.
Line 174: The property name TabsPerRow in SSTab1 is invalid.
Line 175: The property name TabHeight in SSTab1 is invalid.
Line 177: The property name TabCaption(0) in SSTab1 is invalid.
Line 178: The property name TabPicture(0) in SSTab1 is invalid.
Line 179: The property name Tab(0).ControlEnabled in SSTab1 is invalid.
Line 180: The property name Tab(0).Control(0) in SSTab1 is invalid.
Line 181: The property name Tab(0).Control(1) in SSTab1 is invalid.
Line 182: The property name Tab(0).ControlCount in SSTab1 is invalid.
Line 183: The property name TabCaption(1) in SSTab1 is invalid.
Line 184: The property name TabPicture(1) in SSTab1 is invalid.
Line 185: The property name Tab(1).ControlEnabled in SSTab1 is invalid.
Line 186: The property name Tab(1).Control(0) in SSTab1 is invalid.
Line 187: The property name Tab(1).Control(0).Enabled in SSTab1 is invalid.
Line 188: The property name Tab(1).Control(1) in SSTab1 is invalid.
Line 189: The property name Tab(1).Control(1).Enabled in SSTab1 is invalid.
Line 190: The property name Tab(1).Control(2) in SSTab1 is invalid.
Line 191: The property name Tab(1).Control(2).Enabled in SSTab1 is invalid.
Line 192: The property name Tab(1).Control(3) in SSTab1 is invalid.
Line 193: The property name Tab(1).Control(3).Enabled in SSTab1 is invalid.
Line 194: The property name Tab(1).ControlCount in SSTab1 is invalid.
Line 195: The property name TabCaption(2) in SSTab1 is invalid.
Line 196: The property name TabPicture(2) in SSTab1 is invalid.
Line 197: The property name Tab(2).ControlEnabled in SSTab1 is invalid.
Line 198: The property name Tab(2).Control(0) in SSTab1 is invalid.
Line 199: The property name Tab(2).Control(1) in SSTab1 is invalid.
Line 200: The property name Tab(2).Control(2) in SSTab1 is invalid.
Line 201: The property name Tab(2).Control(3) in SSTab1 is invalid.
Line 202: The property name Tab(2).ControlCount in SSTab1 is invalid.
Line 203: The property name TabCaption(3) in SSTab1 is invalid.
Line 204: The property name TabPicture(3) in SSTab1 is invalid.
Line 205: The property name Tab(3).ControlEnabled in SSTab1 is invalid.
Line 206: The property name Tab(3).Control(0) in SSTab1 is invalid.
Line 207: The property name Tab(3).Control(1) in SSTab1 is invalid.
Line 208: The property name Tab(3).Control(2) in SSTab1 is invalid.
Line 209: The property name Tab(3).Control(3) in SSTab1 is invalid.
Line 210: The property name Tab(3).ControlCount in SSTab1 is invalid.
